Building DAG of jobs...
Using shell: /usr/bin/bash
Provided cores: 1 (use --cores to define parallelism)
Rules claiming more threads will be scaled down.
Provided resources: mem_mb=1000, mem_mib=954, disk_mb=1000, disk_mib=954
Select jobs to execute...

[Thu Mar 13 13:12:22 2025]
rule copy_metadata_and_reference:
    input: metadata/metadata.csv, metadata/reference.list
    output: scripts/SLRfinder/amphioxus/amphioxus.csv, scripts/SLRfinder/amphioxus/reference.list
    log: logs/SLRfinder/copy_metadata_and_reference.err, logs/SLRfinder/copy_metadata_and_reference.out
    jobid: 0
    reason: Missing output files: scripts/SLRfinder/amphioxus/amphioxus.csv, scripts/SLRfinder/amphioxus/reference.list
    resources: mem_mb=1000, mem_mib=954, disk_mb=1000, disk_mib=954, tmpdir=/tmp/50978860

cp metadata/metadata.csv scripts/SLRfinder/amphioxus/amphioxus.csv && cp metadata/reference.list scripts/SLRfinder/amphioxus/reference.list >> logs/SLRfinder/copy_metadata_and_reference.out 2>> logs/SLRfinder/copy_metadata_and_reference.err
Activating conda environment: envs/SLRfinder/env
Traceback (most recent call last):
  File "/users/dwicht1/miniconda3/envs/snakemake-7.25.0/lib/python3.12/site-packages/snakemake/__init__.py", line 757, in snakemake
    success = workflow.execute(
              ^^^^^^^^^^^^^^^^^
  File "/users/dwicht1/miniconda3/envs/snakemake-7.25.0/lib/python3.12/site-packages/snakemake/workflow.py", line 1095, in execute
    raise e
  File "/users/dwicht1/miniconda3/envs/snakemake-7.25.0/lib/python3.12/site-packages/snakemake/workflow.py", line 1091, in execute
    success = self.scheduler.schedule()
              ^^^^^^^^^^^^^^^^^^^^^^^^^
  File "/users/dwicht1/miniconda3/envs/snakemake-7.25.0/lib/python3.12/site-packages/snakemake/scheduler.py", line 516, in schedule
    self._finish_jobs()
  File "/users/dwicht1/miniconda3/envs/snakemake-7.25.0/lib/python3.12/site-packages/snakemake/scheduler.py", line 620, in _finish_jobs
    self.get_executor(job).handle_job_success(job)
  File "/users/dwicht1/miniconda3/envs/snakemake-7.25.0/lib/python3.12/site-packages/snakemake/executors/__init__.py", line 681, in handle_job_success
    super().handle_job_success(job)
  File "/users/dwicht1/miniconda3/envs/snakemake-7.25.0/lib/python3.12/site-packages/snakemake/executors/__init__.py", line 270, in handle_job_success
    job.postprocess(
  File "/users/dwicht1/miniconda3/envs/snakemake-7.25.0/lib/python3.12/site-packages/snakemake/jobs.py", line 1165, in postprocess
    self.dag.workflow.persistence.finished(
  File "/users/dwicht1/miniconda3/envs/snakemake-7.25.0/lib/python3.12/site-packages/snakemake/persistence.py", line 264, in finished
    conda_env = self._conda_env(job)
                ^^^^^^^^^^^^^^^^^^^^
  File "/users/dwicht1/miniconda3/envs/snakemake-7.25.0/lib/python3.12/site-packages/snakemake/persistence.py", line 448, in _conda_env
    return b64encode(job.conda_env.content).decode()
                     ^^^^^^^^^^^^^^^^^^^^^
  File "/users/dwicht1/miniconda3/envs/snakemake-7.25.0/lib/python3.12/site-packages/snakemake/deployment/conda.py", line 162, in content
    self._content = self._get_content()
                    ^^^^^^^^^^^^^^^^^^^
  File "/users/dwicht1/miniconda3/envs/snakemake-7.25.0/lib/python3.12/site-packages/snakemake/deployment/conda.py", line 130, in _get_content
    content = shell.check_output(
              ^^^^^^^^^^^^^^^^^^^
  File "/users/dwicht1/miniconda3/envs/snakemake-7.25.0/lib/python3.12/site-packages/snakemake/shell.py", line 63, in check_output
    return sp.check_output(cmd, shell=True, executable=executable, **kwargs)
           ^^^^^^^^^^^^^^^^^^^^^^^^^^^^^^^^^^^^^^^^^^^^^^^^^^^^^^^^^^^^^^^^^
  File "/users/dwicht1/miniconda3/envs/snakemake-7.25.0/lib/python3.12/subprocess.py", line 468, in check_output
    return run(*popenargs, stdout=PIPE, timeout=timeout, check=True,
           ^^^^^^^^^^^^^^^^^^^^^^^^^^^^^^^^^^^^^^^^^^^^^^^^^^^^^^^^^
  File "/users/dwicht1/miniconda3/envs/snakemake-7.25.0/lib/python3.12/subprocess.py", line 573, in run
    raise CalledProcessError(retcode, process.args,
subprocess.CalledProcessError: Command 'conda env export --name '/work/FAC/FBM/DEE/mrobinso/evolseq/dwicht1/envs/SLRfinder/env'' returned non-zero exit status 1.
